Arguments: 
  /usr/bin/node /usr/bin/yarn add parcel-bundler

PATH: 
  /opt/gradle/gradle-2.4/bin:/home/qti3e/Android/Sdk/platform-tools:/home/qti3e/Android/Sdk/tools/bin:/home/qti3e/Android/Sdk/tools:/usr/lib/jvm/java-8-openjdk-amd64//bin:/opt/gradle/gradle-2.4/bin:/home/qti3e/Android/Sdk/platform-tools:/home/qti3e/Android/Sdk/tools/bin:/home/qti3e/Android/Sdk/tools:/usr/lib/jvm/java-8-openjdk-amd64//bin:/home/qti3e/bin:/home/qti3e/.local/bin:/usr/local/sbin:/usr/local/bin:/usr/sbin:/usr/bin:/sbin:/bin:/usr/games:/usr/local/games:/snap/bin

Yarn version: 
  1.3.2

Node version: 
  9.5.0

Platform: 
  linux x64

npm manifest: 
  {
    "name": "slye",
    "productName": "slye",
    "author": "Parsa Ghadimi <qti3eqti3e@gmail.com>"
    "version": "0.0.0",
    "description": "Slye is an open-source 3D presentation software",
    "scripts": {
      "lint": "tslint --project ."
    },
    "repository": {
      "type": "git",
      "url": "git+https://github.com/Slye3D/slye.git"
    },
    "license": "MIT",
    "bugs": {
      "url": "https://github.com/Slye3D/slye/issues"
    },
    "keywords": [],
    "homepage": "https://github.com/Slye3D/slye#readme",
    "devDependencies": {
      "concurrently": "^3.5.1",
      "electron": "1.8.2",
      "ts-node": "^5.0.1",
      "tslint": "^5.9.1",
      "typescript": "^2.7.2",
      "webpack": "^3.11.0"
    },
    "dependencies": {},
    "devEngines": {
      "node": ">=7.x",
      "npm": ">=4.x",
      "yarn": ">=0.21.3"
    }
  }

yarn manifest: 
  No manifest

Lockfile: 
  No lockfile

Trace: 
  SyntaxError: /home/qti3e/Projects/slye/package.json: Unexpected string in JSON at position 98
      at JSON.parse (<anonymous>)
      at /usr/lib/node_modules/yarn/lib/cli.js:770:59
      at Generator.next (<anonymous>)
      at step (/usr/lib/node_modules/yarn/lib/cli.js:92:30)
      at /usr/lib/node_modules/yarn/lib/cli.js:103:13
      at <anonymous>
